16:32:58 **** Incremental Build of configuration Debug for project Lab1 ****
make all 
Building file: ../main.cpp
Invoking: Cross G++ Compiler
g++ -O0 -g3 -Wall -c -fmessage-length=0 -MMD -MP -MF"main.d" -MT"main.o" -o "main.o" "../main.cpp"
../main.cpp:30:14: warning: length modifier 'L' results in undefined behavior or no effect with 'x' conversion specifier [-Wformat]
                printf("%02Lx", _x1[i]);
                        ~~~^~
../main.cpp:30:14: note: did you mean to use 'll'?
                printf("%02Lx", _x1[i]);
                           ^
                           ll
../main.cpp:30:19: warning: format specifies type 'unsigned long long' but the argument has type 'unsigned char' [-Wformat]
                printf("%02Lx", _x1[i]);
                        ~~~~~   ^~~~~~
                        %02hhx
../main.cpp:43:14: warning: length modifier 'L' results in undefined behavior or no effect with 'x' conversion specifier [-Wformat]
                printf("%02Lx", _x3[i]);
                        ~~~^~
../main.cpp:43:14: note: did you mean to use 'll'?
                printf("%02Lx", _x3[i]);
                           ^
                           ll
../main.cpp:43:19: warning: format specifies type 'unsigned long long' but the argument has type 'unsigned char' [-Wformat]
                printf("%02Lx", _x3[i]);
                        ~~~~~   ^~~~~~
                        %02hhx
../main.cpp:56:14: warning: length modifier 'L' results in undefined behavior or no effect with 'x' conversion specifier [-Wformat]
                printf("%02Lx", _x7[i]);
                        ~~~^~
../main.cpp:56:14: note: did you mean to use 'll'?
                printf("%02Lx", _x7[i]);
                           ^
                           ll
../main.cpp:56:19: warning: format specifies type 'unsigned long long' but the argument has type 'unsigned char' [-Wformat]
                printf("%02Lx", _x7[i]);
                        ~~~~~   ^~~~~~
                        %02hhx
../main.cpp:69:14: warning: length modifier 'L' results in undefined behavior or no effect with 'x' conversion specifier [-Wformat]
                printf("%02Lx", _x8[i]);
                        ~~~^~
../main.cpp:69:14: note: did you mean to use 'll'?
                printf("%02Lx", _x8[i]);
                           ^
                           ll
../main.cpp:69:19: warning: format specifies type 'unsigned long long' but the argument has type 'unsigned char' [-Wformat]
                printf("%02Lx", _x8[i]);
                        ~~~~~   ^~~~~~
                        %02hhx
../main.cpp:100:14: warning: length modifier 'L' results in undefined behavior or no effect with 'x' conversion specifier [-Wformat]
                printf("%02Lx", _v0[i]);
                        ~~~^~
../main.cpp:100:14: note: did you mean to use 'll'?
                printf("%02Lx", _v0[i]);
                           ^
                           ll
../main.cpp:100:19: warning: format specifies type 'unsigned long long' but the argument has type 'unsigned char' [-Wformat]
                printf("%02Lx", _v0[i]);
                        ~~~~~   ^~~~~~
                        %02hhx
../main.cpp:110:14: warning: length modifier 'L' results in undefined behavior or no effect with 'x' conversion specifier [-Wformat]
                printf("%02Lx", _v4[i]);
                        ~~~^~
../main.cpp:110:14: note: did you mean to use 'll'?
                printf("%02Lx", _v4[i]);
                           ^
                           ll
../main.cpp:110:19: warning: format specifies type 'unsigned long long' but the argument has type 'unsigned char' [-Wformat]
                printf("%02Lx", _v4[i]);
                        ~~~~~   ^~~~~~
                        %02hhx
../main.cpp:120:14: warning: length modifier 'L' results in undefined behavior or no effect with 'x' conversion specifier [-Wformat]
                printf("%02Lx", _w3[i]);
                        ~~~^~
../main.cpp:120:14: note: did you mean to use 'll'?
                printf("%02Lx", _w3[i]);
                           ^
                           ll
../main.cpp:120:19: warning: format specifies type 'unsigned long long' but the argument has type 'unsigned char' [-Wformat]
                printf("%02Lx", _w3[i]);
                        ~~~~~   ^~~~~~
                        %02hhx
../main.cpp:130:14: warning: length modifier 'L' results in undefined behavior or no effect with 'x' conversion specifier [-Wformat]
                printf("%02Lx", _w6[i]);
                        ~~~^~
../main.cpp:130:14: note: did you mean to use 'll'?
                printf("%02Lx", _w6[i]);
                           ^
                           ll
../main.cpp:130:19: warning: format specifies type 'unsigned long long' but the argument has type 'unsigned char' [-Wformat]
                printf("%02Lx", _w6[i]);
                        ~~~~~   ^~~~~~
                        %02hhx
16 warnings generated.
Finished building: ../main.cpp
 
Building target: Lab1
Invoking: Cross G++ Linker
g++  -o "Lab1"  ./main.o   
Finished building target: Lab1
 

16:33:00 Build Finished (took 1s.993ms)

